Test after 100 episode mean 2.90
Episode 100	Average Score: 2.07
Test after 200 episode mean 3.80
Episode 200	Average Score: 7.72
Test after 300 episode mean 7.80
Episode 300	Average Score: 11.23
Episode 365	Eps 0.03	Last Score: 14.00	Average Score: 13.07
New best in 365 episodes!	Average Score: 13.07
Episode 366	Eps 0.03	Last Score: 19.00	Average Score: 13.15
New best in 366 episodes!	Average Score: 13.15
Episode 367	Eps 0.03	Last Score: 17.00	Average Score: 13.22
New best in 367 episodes!	Average Score: 13.22
Episode 368	Eps 0.02	Last Score: 19.00	Average Score: 13.34
New best in 368 episodes!	Average Score: 13.34
Episode 369	Eps 0.02	Last Score: 17.00	Average Score: 13.40
New best in 369 episodes!	Average Score: 13.40
Episode 370	Eps 0.02	Last Score: 19.00	Average Score: 13.45
New best in 370 episodes!	Average Score: 13.45
Episode 380	Eps 0.02	Last Score: 15.00	Average Score: 13.48
New best in 380 episodes!	Average Score: 13.48
Episode 382	Eps 0.02	Last Score: 13.00	Average Score: 13.51
New best in 382 episodes!	Average Score: 13.51
Episode 383	Eps 0.02	Last Score: 14.00	Average Score: 13.54
New best in 383 episodes!	Average Score: 13.54
Episode 384	Eps 0.02	Last Score: 20.00	Average Score: 13.60
New best in 384 episodes!	Average Score: 13.60
Episode 385	Eps 0.02	Last Score: 14.00	Average Score: 13.66
New best in 385 episodes!	Average Score: 13.66
Episode 386	Eps 0.02	Last Score: 14.00	Average Score: 13.69
New best in 386 episodes!	Average Score: 13.69
Test after 400 episode mean 9.40
Episode 400	Average Score: 13.57
Episode 407	Eps 0.02	Last Score: 17.00	Average Score: 13.76
New best in 407 episodes!	Average Score: 13.76
Episode 408	Eps 0.02	Last Score: 17.00	Average Score: 13.76
New best in 408 episodes!	Average Score: 13.76
Episode 409	Eps 0.02	Last Score: 14.00	Average Score: 13.77
New best in 409 episodes!	Average Score: 13.77
Episode 410	Eps 0.02	Last Score: 17.00	Average Score: 13.88
New best in 410 episodes!	Average Score: 13.88
Episode 411	Eps 0.02	Last Score: 18.00	Average Score: 13.92
New best in 411 episodes!	Average Score: 13.92
Episode 414	Eps 0.02	Last Score: 17.00	Average Score: 14.01
New best in 414 episodes!	Average Score: 14.01
Episode 415	Eps 0.02	Last Score: 21.00	Average Score: 14.11
New best in 415 episodes!	Average Score: 14.11
Episode 416	Eps 0.02	Last Score: 11.00	Average Score: 14.12
New best in 416 episodes!	Average Score: 14.12
Episode 417	Eps 0.02	Last Score: 15.00	Average Score: 14.20
New best in 417 episodes!	Average Score: 14.20
Episode 424	Eps 0.01	Last Score: 24.00	Average Score: 14.27
New best in 424 episodes!	Average Score: 14.27
Episode 426	Eps 0.01	Last Score: 23.00	Average Score: 14.36
New best in 426 episodes!	Average Score: 14.36
Episode 433	Eps 0.01	Last Score: 17.00	Average Score: 14.36
New best in 433 episodes!	Average Score: 14.36
Episode 434	Eps 0.01	Last Score: 14.00	Average Score: 14.40
New best in 434 episodes!	Average Score: 14.40
Episode 435	Eps 0.01	Last Score: 24.00	Average Score: 14.53
New best in 435 episodes!	Average Score: 14.53
Episode 436	Eps 0.01	Last Score: 19.00	Average Score: 14.56
New best in 436 episodes!	Average Score: 14.56
Episode 437	Eps 0.01	Last Score: 18.00	Average Score: 14.60
New best in 437 episodes!	Average Score: 14.60
Episode 439	Eps 0.01	Last Score: 21.00	Average Score: 14.63
New best in 439 episodes!	Average Score: 14.63
Episode 440	Eps 0.01	Last Score: 13.00	Average Score: 14.67
New best in 440 episodes!	Average Score: 14.67
Episode 442	Eps 0.01	Last Score: 13.00	Average Score: 14.73
New best in 442 episodes!	Average Score: 14.73
Episode 443	Eps 0.01	Last Score: 20.00	Average Score: 14.75
New best in 443 episodes!	Average Score: 14.75
Episode 444	Eps 0.01	Last Score: 17.00	Average Score: 14.80
New best in 444 episodes!	Average Score: 14.80
Episode 446	Eps 0.01	Last Score: 19.00	Average Score: 14.81
New best in 446 episodes!	Average Score: 14.81
Episode 448	Eps 0.01	Last Score: 19.00	Average Score: 14.83
New best in 448 episodes!	Average Score: 14.83
Episode 449	Eps 0.01	Last Score: 16.00	Average Score: 14.86
New best in 449 episodes!	Average Score: 14.86
Episode 461	Eps 0.01	Last Score: 18.00	Average Score: 14.89
New best in 461 episodes!	Average Score: 14.89
Episode 494	Eps 0.01	Last Score: 18.00	Average Score: 14.90
New best in 494 episodes!	Average Score: 14.90
Episode 495	Eps 0.01	Last Score: 20.00	Average Score: 15.06
New best in 495 episodes!	Average Score: 15.06
Episode 498	Eps 0.01	Last Score: 19.00	Average Score: 15.07
New best in 498 episodes!	Average Score: 15.07
Episode 499	Eps 0.01	Last Score: 21.00	Average Score: 15.09
New best in 499 episodes!	Average Score: 15.09
Test after 500 episode mean 16.50
Episode 500	Average Score: 15.09
New best in 500 episodes!	Average Score: 15.09
Episode 502	Eps 0.01	Last Score: 21.00	Average Score: 15.13
New best in 502 episodes!	Average Score: 15.13
Episode 512	Eps 0.01	Last Score: 23.00	Average Score: 15.17
New best in 512 episodes!	Average Score: 15.17
Episode 514	Eps 0.01	Last Score: 21.00	Average Score: 15.19
New best in 514 episodes!	Average Score: 15.19
Episode 515	Eps 0.01	Last Score: 22.00	Average Score: 15.20
New best in 515 episodes!	Average Score: 15.20
Episode 516	Eps 0.01	Last Score: 16.00	Average Score: 15.25
New best in 516 episodes!	Average Score: 15.25
Episode 521	Eps 0.01	Last Score: 18.00	Average Score: 15.32
New best in 521 episodes!	Average Score: 15.32
Episode 522	Eps 0.01	Last Score: 20.00	Average Score: 15.32
New best in 522 episodes!	Average Score: 15.32
Episode 528	Eps 0.01	Last Score: 19.00	Average Score: 15.41
New best in 528 episodes!	Average Score: 15.41
Episode 530	Eps 0.01	Last Score: 16.00	Average Score: 15.43
New best in 530 episodes!	Average Score: 15.43
Episode 531	Eps 0.01	Last Score: 14.00	Average Score: 15.49
New best in 531 episodes!	Average Score: 15.49
Episode 532	Eps 0.01	Last Score: 19.00	Average Score: 15.58
New best in 532 episodes!	Average Score: 15.58
Episode 534	Eps 0.01	Last Score: 18.00	Average Score: 15.61
New best in 534 episodes!	Average Score: 15.61
Episode 562	Eps 0.01	Last Score: 19.00	Average Score: 15.65
New best in 562 episodes!	Average Score: 15.65
Episode 563	Eps 0.01	Last Score: 18.00	Average Score: 15.71
New best in 563 episodes!	Average Score: 15.71
Episode 566	Eps 0.01	Last Score: 20.00	Average Score: 15.74
New best in 566 episodes!	Average Score: 15.74
Episode 567	Eps 0.01	Last Score: 20.00	Average Score: 15.85
New best in 567 episodes!	Average Score: 15.85
Episode 568	Eps 0.01	Last Score: 19.00	Average Score: 15.87
New best in 568 episodes!	Average Score: 15.87
Episode 571	Eps 0.01	Last Score: 18.00	Average Score: 15.90
New best in 571 episodes!	Average Score: 15.90
Episode 572	Eps 0.01	Last Score: 19.00	Average Score: 15.93
New best in 572 episodes!	Average Score: 15.93
Episode 573	Eps 0.01	Last Score: 17.00	Average Score: 15.98
New best in 573 episodes!	Average Score: 15.98
Episode 574	Eps 0.01	Last Score: 14.00	Average Score: 16.01
New best in 574 episodes!	Average Score: 16.01
Episode 576	Eps 0.01	Last Score: 16.00	Average Score: 16.01
New best in 576 episodes!	Average Score: 16.01
Episode 582	Eps 0.01	Last Score: 20.00	Average Score: 16.04
New best in 582 episodes!	Average Score: 16.04
Episode 584	Eps 0.01	Last Score: 20.00	Average Score: 16.15
New best in 584 episodes!	Average Score: 16.15
Episode 585	Eps 0.01	Last Score: 13.00	Average Score: 16.16
New best in 585 episodes!	Average Score: 16.16
Episode 586	Eps 0.01	Last Score: 19.00	Average Score: 16.20
New best in 586 episodes!	Average Score: 16.20
Test after 600 episode mean 15.40
Episode 600	Average Score: 15.82
Episode 677	Eps 0.01	Last Score: 14.00	Average Score: 16.20
New best in 677 episodes!	Average Score: 16.20
Episode 679	Eps 0.01	Last Score: 17.00	Average Score: 16.21
New best in 679 episodes!	Average Score: 16.21
Episode 691	Eps 0.01	Last Score: 16.00	Average Score: 16.21
New best in 691 episodes!	Average Score: 16.21
Episode 694	Eps 0.01	Last Score: 17.00	Average Score: 16.26
New best in 694 episodes!	Average Score: 16.26
Test after 700 episode mean 16.70
Episode 700	Average Score: 16.27
New best in 700 episodes!	Average Score: 16.27
Episode 701	Eps 0.01	Last Score: 18.00	Average Score: 16.34
New best in 701 episodes!	Average Score: 16.34
Episode 703	Eps 0.01	Last Score: 18.00	Average Score: 16.35
New best in 703 episodes!	Average Score: 16.35
Episode 704	Eps 0.01	Last Score: 19.00	Average Score: 16.41
New best in 704 episodes!	Average Score: 16.41
Episode 705	Eps 0.01	Last Score: 21.00	Average Score: 16.45
New best in 705 episodes!	Average Score: 16.45
Episode 706	Eps 0.01	Last Score: 20.00	Average Score: 16.50
New best in 706 episodes!	Average Score: 16.50
Episode 707	Eps 0.01	Last Score: 16.00	Average Score: 16.52
New best in 707 episodes!	Average Score: 16.52
Episode 709	Eps 0.01	Last Score: 19.00	Average Score: 16.54
New best in 709 episodes!	Average Score: 16.54
Episode 710	Eps 0.01	Last Score: 18.00	Average Score: 16.56
New best in 710 episodes!	Average Score: 16.56
Test after 800 episode mean 15.10
Episode 800	Average Score: 15.90
Test after 900 episode mean 13.10
Episode 900	Average Score: 16.42
Test after 1000 episode mean 18.60
Episode 1000	Average Score: 15.34

Process finished with exit code 0
